<?xml version="1.0" encoding="UTF-8"?>
<!-- Generated by org.testng.reporters.JUnitReportReporter -->
<testsuite skipped="0" hostname="DESKTOP-H0PI4DT" name="actionExample.DragDropExample2" tests="2" failures="0" timestamp="2022-03-31T13:50:59 IST" time="27.112" errors="0">
  <testcase name="dragdropTest1" time="14.413" classname="actionExample.DragDropExample2"/>
  <system-out/>
  <testcase name="dragdropTest1" time="12.699" classname="actionExample.DragDropExample2"/>
  <system-out/>
</testsuite> <!-- actionExample.DragDropExample2 -->
