<?xml version="1.0" encoding="UTF-8"?>
<!-- Generated by org.testng.reporters.JUnitReportReporter -->
<testsuite skipped="0" hostname="DESKTOP-H0PI4DT" name="actionExample.DragDropExample" tests="2" failures="0" timestamp="2022-03-31T13:50:59 IST" time="23.106" errors="0">
  <testcase name="dragdropTest1" time="11.383" classname="actionExample.DragDropExample"/>
  <system-out/>
  <testcase name="dragdropTest1" time="11.723" classname="actionExample.DragDropExample"/>
  <system-out/>
</testsuite> <!-- actionExample.DragDropExample -->
